ERROR - 2023-09-07 01:19:30 --> Email: sendWithSmtp throwed ErrorException: fsockopen(): php_network_getaddresses: getaddrinfo for smtp.gmail.co failed: Host desconocido.  in D:\Programas\Xampp\htdocs\codeigniter4-login\system\Email\Email.php:1863
Stack trace:
#0 [internal function]: CodeIgniter\Debug\Exceptions->errorHandler(2, 'fsockopen(): ph...', 'D:\\Programas\\Xa...', 1863)
#1 D:\Programas\Xampp\htdocs\codeigniter4-login\system\Email\Email.php(1863): fsockopen('tls://smtp.gmai...', 465, NULL, NULL, 20)
#2 D:\Programas\Xampp\htdocs\codeigniter4-login\system\Email\Email.php(1782): CodeIgniter\Email\Email->SMTPConnect()
#3 D:\Programas\Xampp\htdocs\codeigniter4-login\system\Email\Email.php(1667): CodeIgniter\Email\Email->sendWithSmtp()
#4 D:\Programas\Xampp\htdocs\codeigniter4-login\system\Email\Email.php(1565): CodeIgniter\Email\Email->spoolEmail()
#5 D:\Programas\Xampp\htdocs\codeigniter4-login\app\Controllers\Usuarios.php(59): CodeIgniter\Email\Email->send()
#6 D:\Programas\Xampp\htdocs\codeigniter4-login\system\CodeIgniter.php(934): App\Controllers\Usuarios->registro()
#7 D:\Programas\Xampp\htdocs\codeigniter4-login\system\CodeIgniter.php(499): CodeIgniter\CodeIgniter->runController(Object(App\Controllers\Usuarios))
#8 D:\Programas\Xampp\htdocs\codeigniter4-login\system\CodeIgniter.php(368): CodeIgniter\CodeIgniter->handleRequest(NULL, Object(Config\Cache), false)
#9 D:\Programas\Xampp\htdocs\codeigniter4-login\public\index.php(67): CodeIgniter\CodeIgniter->run()
#10 {main}
ERROR - 2023-09-07 01:19:30 --> Email: Unable to send email using SMTP. Your server might not be configured to send mail using this method.
ERROR - 2023-09-07 01:19:30 --> 
ERROR - 2023-09-07 01:29:08 --> Email: Unable to send email using SMTP. Your server might not be configured to send mail using this method.
ERROR - 2023-09-07 01:29:08 --> 220 smtp.gmail.com ESMTP o19-20020a0568080f9300b003a88f5ebfeesm7478546oiw.42 - gsmtp

hello: 250-smtp.gmail.com at your service, [181.114.123.253]
250-SIZE 35882577
250-8BITMIME
250-AUTH LOGIN PLAIN XOAUTH2 PLAIN-CLIENTTOKEN OAUTHBEARER XOAUTH
250-ENHANCEDSTATUSCODES
250-PIPELINING
250-CHUNKING
250 SMTPUTF8

Failed to authenticate password. Error: 535-5.7.8 Username and Password not accepted. Learn more at
535 5.7.8  https://support.google.com/mail/?p=BadCredentials o19-20020a0568080f9300b003a88f5ebfeesm7478546oiw.42 - gsmtp

